<?xml version="1.0" encoding="UTF-8"?>
<testng-results skipped="0" failed="0" ignored="0" total="1" passed="1">
  <reporter-output>
  </reporter-output>
  <suite name="Suite" duration-ms="32403" started-at="2018-09-01T04:36:45Z" finished-at="2018-09-01T04:37:17Z">
    <groups>
    </groups>
    <test name="leads" duration-ms="32403" started-at="2018-09-01T04:36:45Z" finished-at="2018-09-01T04:37:17Z">
      <class name="tests.TC001_CreateLead">
        <test-method status="PASS" signature="startResult()[pri:0, instance:tests.TC001_CreateLead@4e9ba398]" name="startResult" is-config="true" duration-ms="476" started-at="2018-09-01T04:36:44Z" finished-at="2018-09-01T04:36:45Z">
          <reporter-output>
          </reporter-output>
        </test-method> <!-- startResult -->
        <test-method status="PASS" signature="setData()[pri:0, instance:tests.TC001_CreateLead@4e9ba398]" name="setData" is-config="true" duration-ms="1" started-at="2018-09-01T04:36:45Z" finished-at="2018-09-01T04:36:45Z">
          <reporter-output>
          </reporter-output>
        </test-method> <!-- setData -->
        <test-method status="PASS" signature="startTestCase()[pri:0, instance:tests.TC001_CreateLead@4e9ba398]" name="startTestCase" is-config="true" duration-ms="17" started-at="2018-09-01T04:36:45Z" finished-at="2018-09-01T04:36:45Z">
          <reporter-output>
          </reporter-output>
        </test-method> <!-- startTestCase -->
        <test-method status="PASS" signature="login(java.lang.String, java.lang.String, java.lang.String)[pri:0, instance:tests.TC001_CreateLead@4e9ba398]" name="login" is-config="true" duration-ms="22893" started-at="2018-09-01T04:36:45Z" finished-at="2018-09-01T04:37:08Z">
          <params>
            <param index="0">
              <value>
                <![CDATA[http://leaftaps.com/opentaps]]>
              </value>
            </param>
            <param index="1">
              <value>
                <![CDATA[DemoCSR]]>
              </value>
            </param>
            <param index="2">
              <value>
                <![CDATA[crmsfa]]>
              </value>
            </param>
          </params>
          <reporter-output>
          </reporter-output>
        </test-method> <!-- login -->
        <test-method status="PASS" signature="createLead(java.lang.String, java.lang.String, java.lang.String, java.lang.String)[pri:0, instance:tests.TC001_CreateLead@4e9ba398]" name="createLead" duration-ms="8244" started-at="2018-09-01T04:37:08Z" data-provider="fetchData" finished-at="2018-09-01T04:37:16Z">
          <params>
            <param index="0">
              <value>
                <![CDATA[Qeagle]]>
              </value>
            </param>
            <param index="1">
              <value>
                <![CDATA[Babu]]>
              </value>
            </param>
            <param index="2">
              <value>
                <![CDATA[M]]>
              </value>
            </param>
            <param index="3">
              <value>
                <![CDATA[babu@testleaf.com]]>
              </value>
            </param>
          </params>
          <reporter-output>
          </reporter-output>
        </test-method> <!-- createLead -->
        <test-method status="PASS" signature="close()[pri:0, instance:tests.TC001_CreateLead@4e9ba398]" name="close" is-config="true" duration-ms="691" started-at="2018-09-01T04:37:16Z" finished-at="2018-09-01T04:37:17Z">
          <reporter-output>
          </reporter-output>
        </test-method> <!-- close -->
        <test-method status="PASS" signature="stopResult()[pri:0, instance:tests.TC001_CreateLead@4e9ba398]" name="stopResult" is-config="true" duration-ms="1008" started-at="2018-09-01T04:37:17Z" finished-at="2018-09-01T04:37:18Z">
          <reporter-output>
          </reporter-output>
        </test-method> <!-- stopResult -->
      </class> <!-- tests.TC001_CreateLead -->
    </test> <!-- leads -->
  </suite> <!-- Suite -->
</testng-results>
