<?xml version="1.0" encoding="UTF-8"?>
<testng-results skipped="0" failed="0" ignored="0" total="1" passed="1">
  <reporter-output>
  </reporter-output>
  <suite name="Default suite" duration-ms="67810" started-at="2018-09-09T06:15:51Z" finished-at="2018-09-09T06:16:58Z">
    <groups>
    </groups>
    <test name="Default test" duration-ms="67810" started-at="2018-09-09T06:15:51Z" finished-at="2018-09-09T06:16:58Z">
      <class name="tests.BankBazar">
        <test-method status="PASS" signature="startResult()[pri:0, instance:tests.BankBazar@4fe3c938]" name="startResult" is-config="true" duration-ms="413" started-at="2018-09-09T06:15:50Z" finished-at="2018-09-09T06:15:51Z">
          <reporter-output>
          </reporter-output>
        </test-method> <!-- startResult -->
        <test-method status="PASS" signature="setData()[pri:0, instance:tests.BankBazar@4fe3c938]" name="setData" is-config="true" duration-ms="0" started-at="2018-09-09T06:15:51Z" finished-at="2018-09-09T06:15:51Z">
          <reporter-output>
          </reporter-output>
        </test-method> <!-- setData -->
        <test-method status="PASS" signature="startTestCase()[pri:0, instance:tests.BankBazar@4fe3c938]" name="startTestCase" is-config="true" duration-ms="7" started-at="2018-09-09T06:15:51Z" finished-at="2018-09-09T06:15:51Z">
          <reporter-output>
          </reporter-output>
        </test-method> <!-- startTestCase -->
        <test-method status="PASS" signature="BankBazar1()[pri:0, instance:tests.BankBazar@4fe3c938]" name="BankBazar1" duration-ms="67776" started-at="2018-09-09T06:15:51Z" finished-at="2018-09-09T06:16:58Z">
          <reporter-output>
          </reporter-output>
        </test-method> <!-- BankBazar1 -->
        <test-method status="PASS" signature="stopResult()[pri:0, instance:tests.BankBazar@4fe3c938]" name="stopResult" is-config="true" duration-ms="465" started-at="2018-09-09T06:16:58Z" finished-at="2018-09-09T06:16:59Z">
          <reporter-output>
          </reporter-output>
        </test-method> <!-- stopResult -->
      </class> <!-- tests.BankBazar -->
    </test> <!-- Default test -->
  </suite> <!-- Default suite -->
</testng-results>
